<?xml version="1.0" encoding="UTF-8"?>
<!-- Generated by org.testng.reporters.JUnitReportReporter -->
<testsuite hostname="DESKTOP-9FCKI5I" failures="0" tests="1" name="Scripts.Basicss" time="6.475" errors="0" timestamp="2023-03-19T08:56:55 IST" skipped="0">
  <testcase classname="Scripts.Basicss" name="Test" time="6.475"/>
  <system-out/>
</testsuite> <!-- Scripts.Basicss -->
